-------------------------------------------------------------------------------
Test set: com.paymentchain.billing.BasicApplicationTests
-------------------------------------------------------------------------------
Tests run: 1, Failures: 0, Errors: 1, Skipped: 0, Time elapsed: 2.919 s <<< FAILURE! - in com.paymentchain.billing.BasicApplicationTests
contextLoads  Time elapsed: 0.016 s  <<< ERROR!
java.lang.IllegalStateException: Failed to load ApplicationContext for [WebMergedContextConfiguration@4bac0be5 testClass = com.paymentchain.billing.BasicApplicationTests, locations = [], classes = [com.paymentchain.billing.InvoiceApplication], contextInitializerClasses = [], activeProfiles = [], propertySourceLocations = [], propertySourceProperties = ["org.springframework.boot.test.context.SpringBootTestContextBootstrapper=true"], contextCustomizers = [org.springframework.boot.test.context.filter.ExcludeFilterContextCustomizer@48974e45, org.springframework.boot.test.json.DuplicateJsonObjectContextCustomizerFactory$DuplicateJsonObjectContextCustomizer@6d3a388c, org.springframework.boot.test.mock.mockito.MockitoContextCustomizer@0, org.springframework.boot.test.web.client.TestRestTemplateContextCustomizer@2b48a640, org.springframework.boot.test.autoconfigure.actuate.observability.ObservabilityContextCustomizerFactory$DisableObservabilityContextCustomizer@9da1, org.springframework.boot.test.autoconfigure.properties.PropertyMappingContextCustomizer@0, org.springframework.boot.test.autoconfigure.web.servlet.WebDriverContextCustomizerFactory$Customizer@53fdffa1, org.springframework.boot.test.context.SpringBootTestAnnotation@7e67b75f], resourceBasePath = "src/main/webapp", contextLoader = org.springframework.boot.test.context.SpringBootContextLoader, parent = null]
Caused by: org.springframework.beans.factory.UnsatisfiedDependencyException: Error creating bean with name 'invoiceRestController': Unsatisfied dependency expressed through field 'invoiceRequestMapper': Error creating bean with name 'invoiceRequestMapper' defined in class path resource [com/paymentchain/billing/config/MapStructConfig.class]: Failed to instantiate [com.paymentchain.billing.common.InvoiceRequestMapper]: Factory method 'invoiceRequestMapper' threw exception with message: java.lang.ClassNotFoundException: Cannot find implementation for com.paymentchain.billing.common.InvoiceRequestMapper
Caused by: org.springframework.beans.factory.BeanCreationException: Error creating bean with name 'invoiceRequestMapper' defined in class path resource [com/paymentchain/billing/config/MapStructConfig.class]: Failed to instantiate [com.paymentchain.billing.common.InvoiceRequestMapper]: Factory method 'invoiceRequestMapper' threw exception with message: java.lang.ClassNotFoundException: Cannot find implementation for com.paymentchain.billing.common.InvoiceRequestMapper
Caused by: org.springframework.beans.BeanInstantiationException: Failed to instantiate [com.paymentchain.billing.common.InvoiceRequestMapper]: Factory method 'invoiceRequestMapper' threw exception with message: java.lang.ClassNotFoundException: Cannot find implementation for com.paymentchain.billing.common.InvoiceRequestMapper
Caused by: java.lang.RuntimeException: java.lang.ClassNotFoundException: Cannot find implementation for com.paymentchain.billing.common.InvoiceRequestMapper
Caused by: java.lang.ClassNotFoundException: Cannot find implementation for com.paymentchain.billing.common.InvoiceRequestMapper

